<?xml version="1.0" encoding="UTF-8"?>
<!-- Generated by org.testng.reporters.JUnitXMLReporter -->
<testsuite ignored="0" hostname="Nahid" failures="0" tests="7" name="Default test" time="110.649" errors="0" timestamp="2020-11-17T00:20:16 BDT">
  <testcase classname="kandareeTest.MyTasks" name="LoginFuntion" time="5.848"/>
  <testcase classname="kandareeTest.MyTasks" name="Nevigate" time="3.67"/>
  <testcase classname="kandareeTest.MyTasks" name="AssignTask" time="0.182"/>
  <testcase classname="kandareeTest.MyTasks" name="UpdateAssignTask" time="45.92"/>
  <testcase classname="kandareeTest.MyTasks" name="DeleteAssignTask" time="4.491"/>
  <testcase classname="kandareeTest.MyTasks" name="OldTask" time="0.332"/>
  <testcase classname="kandareeTest.MyTasks" name="UpdateOldTask" time="35.859"/>
</testsuite> <!-- Default test -->
