<?xml version="1.0" encoding="UTF-8"?>
<!-- Generated by org.testng.reporters.JUnitXMLReporter -->
<testsuite ignored="0" hostname="Nahid" failures="0" tests="12" name="Default test" time="252.905" errors="0" timestamp="2020-11-23T14:40:33 BDT">
  <testcase classname="com.cslsoft.KandareeLiteApp.MyTasks" name="Nevigate" time="5.669"/>
  <testcase classname="com.cslsoft.KandareeLiteApp.MyTasks" name="CreateTask" time="11.793"/>
  <testcase classname="com.cslsoft.KandareeLiteApp.MyTasks" name="UpdateTask" time="39.493"/>
  <testcase classname="com.cslsoft.KandareeLiteApp.MyTasks" name="Reassaign" time="22.339"/>
  <testcase classname="com.cslsoft.KandareeLiteApp.MyTasks" name="MyTaskMiscellaneous" time="7.582"/>
  <testcase classname="com.cslsoft.KandareeLiteApp.MyTasks" name="AssignTask" time="0.297"/>
  <testcase classname="com.cslsoft.KandareeLiteApp.MyTasks" name="CreateAssignTask" time="12.53"/>
  <testcase classname="com.cslsoft.KandareeLiteApp.MyTasks" name="UpdateAssignTask" time="67.031"/>
  <testcase classname="com.cslsoft.KandareeLiteApp.MyTasks" name="DeleteAssignTask" time="16.188"/>
  <testcase classname="com.cslsoft.KandareeLiteApp.MyTasks" name="OldTask" time="0.3"/>
  <testcase classname="com.cslsoft.KandareeLiteApp.MyTasks" name="UOldTaskFun" time="31.76"/>
  <testcase classname="com.cslsoft.KandareeLiteApp.MyTasks" name="IncompleteTask" time="15.846"/>
</testsuite> <!-- Default test -->
