<?xml version="1.0" encoding="UTF-8"?>
<!-- Generated by org.testng.reporters.JUnitXMLReporter -->
<testsuite ignored="0" hostname="Nahid" failures="1" tests="3" name="Test" time="23.685" errors="0" timestamp="2020-11-19T15:04:26 BDT">
  <testcase classname="com.cslsoft.KandareeLiteApp.MyTasks" name="Nevigate" time="3.665"/>
  <testcase classname="com.cslsoft.KandareeLiteApp.MyTasks" name="OldTask" time="0.14"/>
  <testcase classname="com.cslsoft.KandareeLiteApp.MyTasks" name="IncompleteTask" time="2.961">
    <failure type="java.lang.NullPointerException" message="Cannot invoke &amp;quot;io.appium.java_client.android.AndroidDriver.manage()&amp;quot; because &amp;quot;this.driver&amp;quot; is null">
      <![CDATA[java.lang.NullPointerException: Cannot invoke "io.appium.java_client.android.AndroidDriver.manage()" because "this.driver" is null
at com.cslsoft.KandareeLiteApp.AllMethods.Scroll(AllMethods.java:34)
at com.cslsoft.KandareeLiteApp.MyTasks.IncompleteTask(MyTasks.java:518)
at java.base/java.util.ArrayList.forEach(ArrayList.java:1511)
... Removed 27 stack frames]]>
    </failure>
  </testcase> <!-- IncompleteTask -->
</testsuite> <!-- Test -->
